Loading required package: sandwich
Loading required package: optimx
Loading required package: quantreg
Loading required package: SparseM

Attaching package: ‘SparseM’

The following object is masked from ‘package:base’:

    backsolve

Registered S3 method overwritten by 'quantmod':
  method            from
  as.zoo.data.frame zoo 
=== MIDAS Rolling Window Evaluation ===

Full dataset:
  Y (GDP): 123 quarters from 1993-2 to 2023-4 
  X (EAI): 369 months

Building indicator panel for TPRF...
  Available indicators: 7 - DA_EAI, DA_GVFI, DA_PMI_M, DA_PMI_NM, DA_RETSALES, DA_RETGRO, DA_RETSUP 
  Panel dimensions: 369 x 7 

Model specifications:
  MIDAS_AR2_lag4_m2: y_lag=2, x_lag=4, moq=2, expanding window
  MIDAS_AR2_lag4_m2_roll40: y_lag=2, x_lag=4, moq=2, rolling window
  MIDAS_AR1_lag3_m2: y_lag=1, x_lag=3, moq=2, expanding window

Starting rolling window evaluation...
  Initial window: 60 quarters
  Number of forecasts: 63 

Evaluating: MIDAS_AR2_lag4_m2 
  Completed 10 / 63 forecasts
  Completed 20 / 63 forecasts
  Completed 30 / 63 forecasts
  Completed 40 / 63 forecasts
  Completed 50 / 63 forecasts
  Completed 60 / 63 forecasts
  RMSE: 13.615, MAE: 5.725, ME: -0.888, Valid: 63/63

Evaluating: MIDAS_AR2_lag4_m2_roll40 
  Completed 10 / 63 forecasts
  Completed 20 / 63 forecasts
  Completed 30 / 63 forecasts
  Completed 40 / 63 forecasts
  Completed 50 / 63 forecasts
  Completed 60 / 63 forecasts
  RMSE: 22.609, MAE: 9.900, ME: -1.124, Valid: 63/63

Evaluating: MIDAS_AR1_lag3_m2 
  Completed 10 / 63 forecasts
  Completed 20 / 63 forecasts
  Completed 30 / 63 forecasts
  Completed 40 / 63 forecasts
  Completed 50 / 63 forecasts
  Completed 60 / 63 forecasts
  RMSE: 13.492, MAE: 5.490, ME: -0.574, Valid: 63/63

Evaluating: TPRF_AR2_lag4_m2 
  TPRF Diagnostics (first forecast):
    Training panel dims: 182 x 7 
    Y training length: 60 quarters
    Expected X length: 180 months
  Using 2 series with average 3.8 % missing data
  Auto-selected 1 factor(s) based on 2 available series
  Extracting 1 factors using Three-Pass Regression Filter...
  Converged after 1 iterations
  R-squared: 0.676 
    Factor dimensions:  182 rows
    Training quarters: 60 
    Ragged edge months: 2 
    Factors extracted: R^2 = 0.676 
    Factor ts: length = 182 , start = 1993-4 
Warning in value[[3L]](cond) :
  MIDAS model fitting failed: Incomplete high frequency data
  Using 2 series with average 3.8 % missing data
  Auto-selected 1 factor(s) based on 2 available series
  Extracting 1 factors using Three-Pass Regression Filter...
  Converged after 1 iterations
  R-squared: 0.679 
Warning in value[[3L]](cond) :
  MIDAS model fitting failed: Incomplete high frequency data
  Using 2 series with average 3.7 % missing data
  Auto-selected 1 factor(s) based on 2 available series
  Extracting 1 factors using Three-Pass Regression Filter...
  Converged after 1 iterations
  R-squared: 0.68 
Warning in value[[3L]](cond) :
  MIDAS model fitting failed: Incomplete high frequency data
  Using 2 series with average 3.7 % missing data
  Auto-selected 1 factor(s) based on 2 available series
  Extracting 1 factors using Three-Pass Regression Filter...
  Converged after 1 iterations
  R-squared: 0.681 
Warning in value[[3L]](cond) :
  MIDAS model fitting failed: Incomplete high frequency data
  Using 2 series with average 3.6 % missing data
  Auto-selected 1 factor(s) based on 2 available series
  Extracting 1 factors using Three-Pass Regression Filter...
  Converged after 1 iterations
  R-squared: 0.67 
Warning in value[[3L]](cond) :
  MIDAS model fitting failed: Incomplete high frequency data
  Using 2 series with average 3.6 % missing data
  Auto-selected 1 factor(s) based on 2 available series
  Extracting 1 factors using Three-Pass Regression Filter...
  Converged after 1 iterations
  R-squared: 0.672 
Warning in value[[3L]](cond) :
  MIDAS model fitting failed: Incomplete high frequency data
  Using 2 series with average 3.5 % missing data
  Auto-selected 1 factor(s) based on 2 available series
  Extracting 1 factors using Three-Pass Regression Filter...
  Converged after 1 iterations
  R-squared: 0.671 
Warning in value[[3L]](cond) :
  MIDAS model fitting failed: Incomplete high frequency data
  Using 2 series with average 3.4 % missing data
  Auto-selected 1 factor(s) based on 2 available series
  Extracting 1 factors using Three-Pass Regression Filter...
  Converged after 1 iterations
  R-squared: 0.67 
Warning in value[[3L]](cond) :
  MIDAS model fitting failed: Incomplete high frequency data
  Using 2 series with average 3.4 % missing data
  Auto-selected 1 factor(s) based on 2 available series
  Extracting 1 factors using Three-Pass Regression Filter...
  Converged after 1 iterations
  R-squared: 0.671 
Warning in value[[3L]](cond) :
  MIDAS model fitting failed: Incomplete high frequency data
  Using 2 series with average 3.3 % missing data
  Auto-selected 1 factor(s) based on 2 available series
  Extracting 1 factors using Three-Pass Regression Filter...
  Converged after 1 iterations
  R-squared: 0.668 
Warning in value[[3L]](cond) :
  MIDAS model fitting failed: Incomplete high frequency data
  Completed 10 / 63 forecasts
  Using 2 series with average 3.3 % missing data
  Auto-selected 1 factor(s) based on 2 available series
  Extracting 1 factors using Three-Pass Regression Filter...
  Converged after 1 iterations
  R-squared: 0.668 
Warning in value[[3L]](cond) :
  MIDAS model fitting failed: Incomplete high frequency data
  Using 2 series with average 3.3 % missing data
  Auto-selected 1 factor(s) based on 2 available series
  Extracting 1 factors using Three-Pass Regression Filter...
  Converged after 1 iterations
  R-squared: 0.667 
Warning in value[[3L]](cond) :
  MIDAS model fitting failed: Incomplete high frequency data
  Using 2 series with average 3.2 % missing data
  Auto-selected 1 factor(s) based on 2 available series
  Extracting 1 factors using Three-Pass Regression Filter...
  Converged after 1 iterations
  R-squared: 0.667 
Warning in value[[3L]](cond) :
  MIDAS model fitting failed: Incomplete high frequency data
  Using 2 series with average 3.2 % missing data
  Auto-selected 1 factor(s) based on 2 available series
  Extracting 1 factors using Three-Pass Regression Filter...
  Converged after 1 iterations
  R-squared: 0.665 
Warning in value[[3L]](cond) :
  MIDAS model fitting failed: Incomplete high frequency data
  Using 2 series with average 3.1 % missing data
  Auto-selected 1 factor(s) based on 2 available series
  Extracting 1 factors using Three-Pass Regression Filter...
  Converged after 1 iterations
  R-squared: 0.665 
Warning in value[[3L]](cond) :
  MIDAS model fitting failed: Incomplete high frequency data
  Using 2 series with average 3.1 % missing data
  Auto-selected 1 factor(s) based on 2 available series
  Extracting 1 factors using Three-Pass Regression Filter...
  Converged after 1 iterations
  R-squared: 0.664 
Warning in value[[3L]](cond) :
  MIDAS model fitting failed: Incomplete high frequency data
  Using 2 series with average 3 % missing data
  Auto-selected 1 factor(s) based on 2 available series
  Extracting 1 factors using Three-Pass Regression Filter...
  Converged after 1 iterations
  R-squared: 0.663 
Warning in value[[3L]](cond) :
  MIDAS model fitting failed: Incomplete high frequency data
  Using 2 series with average 3 % missing data
  Auto-selected 1 factor(s) based on 2 available series
  Extracting 1 factors using Three-Pass Regression Filter...
  Converged after 1 iterations
  R-squared: 0.662 
Warning in value[[3L]](cond) :
  MIDAS model fitting failed: Incomplete high frequency data
  Using 2 series with average 3 % missing data
  Auto-selected 1 factor(s) based on 2 available series
  Extracting 1 factors using Three-Pass Regression Filter...
  Converged after 1 iterations
  R-squared: 0.66 
Warning in value[[3L]](cond) :
  MIDAS model fitting failed: Incomplete high frequency data
  Using 2 series with average 2.9 % missing data
  Auto-selected 1 factor(s) based on 2 available series
  Extracting 1 factors using Three-Pass Regression Filter...
  Converged after 1 iterations
  R-squared: 0.659 
Warning in value[[3L]](cond) :
  MIDAS model fitting failed: Incomplete high frequency data
  Completed 20 / 63 forecasts
  Using 2 series with average 2.9 % missing data
  Auto-selected 1 factor(s) based on 2 available series
  Extracting 1 factors using Three-Pass Regression Filter...
  Converged after 1 iterations
  R-squared: 0.659 
Warning in value[[3L]](cond) :
  MIDAS model fitting failed: Incomplete high frequency data
  Using 2 series with average 2.9 % missing data
  Auto-selected 1 factor(s) based on 2 available series
  Extracting 1 factors using Three-Pass Regression Filter...
  Converged after 1 iterations
  R-squared: 0.66 
Warning in value[[3L]](cond) :
  MIDAS model fitting failed: Incomplete high frequency data
  Using 2 series with average 2.8 % missing data
  Auto-selected 1 factor(s) based on 2 available series
  Extracting 1 factors using Three-Pass Regression Filter...
  Converged after 1 iterations
  R-squared: 0.659 
Warning in value[[3L]](cond) :
  MIDAS model fitting failed: Incomplete high frequency data
  Using 2 series with average 2.8 % missing data
  Auto-selected 1 factor(s) based on 2 available series
  Extracting 1 factors using Three-Pass Regression Filter...
  Converged after 1 iterations
  R-squared: 0.659 
Warning in value[[3L]](cond) :
  MIDAS model fitting failed: Incomplete high frequency data
  Using 2 series with average 2.8 % missing data
  Auto-selected 1 factor(s) based on 2 available series
  Extracting 1 factors using Three-Pass Regression Filter...
  Converged after 1 iterations
  R-squared: 0.66 
Warning in value[[3L]](cond) :
  MIDAS model fitting failed: Incomplete high frequency data
  Using 2 series with average 2.7 % missing data
  Auto-selected 1 factor(s) based on 2 available series
  Extracting 1 factors using Three-Pass Regression Filter...
  Converged after 1 iterations
  R-squared: 0.66 
Warning in value[[3L]](cond) :
  MIDAS model fitting failed: Incomplete high frequency data
  Using 2 series with average 2.7 % missing data
  Auto-selected 1 factor(s) based on 2 available series
  Extracting 1 factors using Three-Pass Regression Filter...
  Converged after 1 iterations
  R-squared: 0.659 
Warning in value[[3L]](cond) :
  MIDAS model fitting failed: Incomplete high frequency data
  Using 2 series with average 2.7 % missing data
  Auto-selected 1 factor(s) based on 2 available series
  Extracting 1 factors using Three-Pass Regression Filter...
  Converged after 1 iterations
  R-squared: 0.659 
Warning in value[[3L]](cond) :
  MIDAS model fitting failed: Incomplete high frequency data
  Using 2 series with average 2.6 % missing data
  Auto-selected 1 factor(s) based on 2 available series
  Extracting 1 factors using Three-Pass Regression Filter...
  Converged after 1 iterations
  R-squared: 0.659 
Warning in value[[3L]](cond) :
  MIDAS model fitting failed: Incomplete high frequency data
  Using 2 series with average 2.6 % missing data
  Auto-selected 1 factor(s) based on 2 available series
  Extracting 1 factors using Three-Pass Regression Filter...
  Converged after 1 iterations
  R-squared: 0.659 
Warning in value[[3L]](cond) :
  MIDAS model fitting failed: Incomplete high frequency data
  Completed 30 / 63 forecasts
  Using 2 series with average 2.6 % missing data
  Auto-selected 1 factor(s) based on 2 available series
  Extracting 1 factors using Three-Pass Regression Filter...
  Converged after 1 iterations
  R-squared: 0.659 
Warning in value[[3L]](cond) :
  MIDAS model fitting failed: Incomplete high frequency data
  Using 2 series with average 2.5 % missing data
  Auto-selected 1 factor(s) based on 2 available series
  Extracting 1 factors using Three-Pass Regression Filter...
  Converged after 1 iterations
  R-squared: 0.657 
Warning in value[[3L]](cond) :
  MIDAS model fitting failed: Incomplete high frequency data
  Using 2 series with average 2.5 % missing data
  Auto-selected 1 factor(s) based on 2 available series
  Extracting 1 factors using Three-Pass Regression Filter...
  Converged after 1 iterations
  R-squared: 0.657 
Warning in value[[3L]](cond) :
  MIDAS model fitting failed: Incomplete high frequency data
  Using 2 series with average 2.5 % missing data
  Auto-selected 1 factor(s) based on 2 available series
  Extracting 1 factors using Three-Pass Regression Filter...
  Converged after 1 iterations
  R-squared: 0.656 
Warning in value[[3L]](cond) :
  MIDAS model fitting failed: Incomplete high frequency data
  Using 2 series with average 2.5 % missing data
  Auto-selected 1 factor(s) based on 2 available series
  Extracting 1 factors using Three-Pass Regression Filter...
  Converged after 1 iterations
  R-squared: 0.657 
Warning in value[[3L]](cond) :
  MIDAS model fitting failed: Incomplete high frequency data
  Using 2 series with average 2.4 % missing data
  Auto-selected 1 factor(s) based on 2 available series
  Extracting 1 factors using Three-Pass Regression Filter...
  Converged after 1 iterations
  R-squared: 0.657 
Warning in value[[3L]](cond) :
  MIDAS model fitting failed: Incomplete high frequency data
  Using 2 series with average 2.4 % missing data
  Auto-selected 1 factor(s) based on 2 available series
  Extracting 1 factors using Three-Pass Regression Filter...
  Converged after 1 iterations
  R-squared: 0.656 
Warning in value[[3L]](cond) :
  MIDAS model fitting failed: Incomplete high frequency data
  Using 2 series with average 2.4 % missing data
  Auto-selected 1 factor(s) based on 2 available series
  Extracting 1 factors using Three-Pass Regression Filter...
  Converged after 1 iterations
  R-squared: 0.656 
Warning in value[[3L]](cond) :
  MIDAS model fitting failed: Incomplete high frequency data
  Using 2 series with average 2.4 % missing data
  Auto-selected 1 factor(s) based on 2 available series
  Extracting 1 factors using Three-Pass Regression Filter...
  Converged after 1 iterations
  R-squared: 0.654 
Warning in value[[3L]](cond) :
  MIDAS model fitting failed: Incomplete high frequency data
  Using 2 series with average 2.3 % missing data
  Auto-selected 1 factor(s) based on 2 available series
  Extracting 1 factors using Three-Pass Regression Filter...
  Converged after 1 iterations
  R-squared: 0.654 
Warning in value[[3L]](cond) :
  MIDAS model fitting failed: Incomplete high frequency data
  Completed 40 / 63 forecasts
  Using 2 series with average 2.3 % missing data
  Auto-selected 1 factor(s) based on 2 available series
  Extracting 1 factors using Three-Pass Regression Filter...
  Converged after 1 iterations
  R-squared: 0.654 
Warning in value[[3L]](cond) :
  MIDAS model fitting failed: Incomplete high frequency data
  Using 2 series with average 2.3 % missing data
  Auto-selected 1 factor(s) based on 2 available series
  Extracting 1 factors using Three-Pass Regression Filter...
  Converged after 1 iterations
  R-squared: 0.655 
Warning in value[[3L]](cond) :
  MIDAS model fitting failed: Incomplete high frequency data
  Using 2 series with average 2.3 % missing data
  Auto-selected 1 factor(s) based on 2 available series
  Extracting 1 factors using Three-Pass Regression Filter...
  Converged after 1 iterations
  R-squared: 0.655 
Warning in value[[3L]](cond) :
  MIDAS model fitting failed: Incomplete high frequency data
  Using 2 series with average 2.3 % missing data
  Auto-selected 1 factor(s) based on 2 available series
  Extracting 1 factors using Three-Pass Regression Filter...
  Converged after 1 iterations
  R-squared: 0.654 
Warning in value[[3L]](cond) :
  MIDAS model fitting failed: Incomplete high frequency data
  Using 2 series with average 2.2 % missing data
  Auto-selected 1 factor(s) based on 2 available series
  Extracting 1 factors using Three-Pass Regression Filter...
  Converged after 1 iterations
  R-squared: 0.655 
Warning in value[[3L]](cond) :
  MIDAS model fitting failed: Incomplete high frequency data
  Using 2 series with average 2.2 % missing data
  Auto-selected 1 factor(s) based on 2 available series
  Extracting 1 factors using Three-Pass Regression Filter...
  Converged after 1 iterations
  R-squared: 0.655 
Warning in value[[3L]](cond) :
  MIDAS model fitting failed: Incomplete high frequency data
  Using 2 series with average 2.2 % missing data
  Auto-selected 1 factor(s) based on 2 available series
  Extracting 1 factors using Three-Pass Regression Filter...
  Converged after 1 iterations
  R-squared: 0.655 
Warning in value[[3L]](cond) :
  MIDAS model fitting failed: Incomplete high frequency data
  Using 2 series with average 2.2 % missing data
  Auto-selected 1 factor(s) based on 2 available series
  Extracting 1 factors using Three-Pass Regression Filter...
  Converged after 1 iterations
  R-squared: 0.655 
Warning in value[[3L]](cond) :
  MIDAS model fitting failed: Incomplete high frequency data
  Using 2 series with average 2.1 % missing data
  Auto-selected 1 factor(s) based on 2 available series
  Extracting 1 factors using Three-Pass Regression Filter...
  Converged after 1 iterations
  R-squared: 0.655 
Warning in value[[3L]](cond) :
  MIDAS model fitting failed: Incomplete high frequency data
  Using 2 series with average 2.1 % missing data
  Auto-selected 1 factor(s) based on 2 available series
  Extracting 1 factors using Three-Pass Regression Filter...
  Converged after 1 iterations
  R-squared: 0.802 
Warning in value[[3L]](cond) :
  MIDAS model fitting failed: Incomplete high frequency data
  Completed 50 / 63 forecasts
  Using 2 series with average 2.1 % missing data
  Auto-selected 1 factor(s) based on 2 available series
  Extracting 1 factors using Three-Pass Regression Filter...
  Converged after 1 iterations
  R-squared: 0.825 
Warning in value[[3L]](cond) :
  MIDAS model fitting failed: Incomplete high frequency data
  Using 2 series with average 2.1 % missing data
  Auto-selected 1 factor(s) based on 2 available series
  Extracting 1 factors using Three-Pass Regression Filter...
  Converged after 1 iterations
  R-squared: 0.825 
Warning in value[[3L]](cond) :
  MIDAS model fitting failed: Incomplete high frequency data
  Using 2 series with average 2.1 % missing data
  Auto-selected 1 factor(s) based on 2 available series
  Extracting 1 factors using Three-Pass Regression Filter...
  Converged after 1 iterations
  R-squared: 0.822 
Warning in value[[3L]](cond) :
  MIDAS model fitting failed: Incomplete high frequency data
  Using 2 series with average 2.1 % missing data
  Auto-selected 1 factor(s) based on 2 available series
  Extracting 1 factors using Three-Pass Regression Filter...
  Converged after 1 iterations
  R-squared: 0.823 
Warning in value[[3L]](cond) :
  MIDAS model fitting failed: Incomplete high frequency data
  Using 2 series with average 2 % missing data
  Auto-selected 1 factor(s) based on 2 available series
  Extracting 1 factors using Three-Pass Regression Filter...
  Converged after 1 iterations
  R-squared: 0.823 
Warning in value[[3L]](cond) :
  MIDAS model fitting failed: Incomplete high frequency data
  Using 2 series with average 2 % missing data
  Auto-selected 1 factor(s) based on 2 available series
  Extracting 1 factors using Three-Pass Regression Filter...
  Converged after 1 iterations
  R-squared: 0.822 
Warning in value[[3L]](cond) :
  MIDAS model fitting failed: Incomplete high frequency data
  Using 2 series with average 2 % missing data
  Auto-selected 1 factor(s) based on 2 available series
  Extracting 1 factors using Three-Pass Regression Filter...
  Converged after 1 iterations
  R-squared: 0.822 
Warning in value[[3L]](cond) :
  MIDAS model fitting failed: Incomplete high frequency data
  Using 2 series with average 2 % missing data
  Auto-selected 1 factor(s) based on 2 available series
  Extracting 1 factors using Three-Pass Regression Filter...
  Converged after 1 iterations
  R-squared: 0.821 
Warning in value[[3L]](cond) :
  MIDAS model fitting failed: Incomplete high frequency data
  Using 2 series with average 2 % missing data
  Auto-selected 1 factor(s) based on 2 available series
  Extracting 1 factors using Three-Pass Regression Filter...
  Converged after 1 iterations
  R-squared: 0.821 
Warning in value[[3L]](cond) :
  MIDAS model fitting failed: Incomplete high frequency data
  Using 2 series with average 1.9 % missing data
  Auto-selected 1 factor(s) based on 2 available series
  Extracting 1 factors using Three-Pass Regression Filter...
  Converged after 1 iterations
  R-squared: 0.821 
Warning in value[[3L]](cond) :
  MIDAS model fitting failed: Incomplete high frequency data
  Completed 60 / 63 forecasts
  Using 2 series with average 1.9 % missing data
  Auto-selected 1 factor(s) based on 2 available series
  Extracting 1 factors using Three-Pass Regression Filter...
  Converged after 1 iterations
  R-squared: 0.821 
Warning in value[[3L]](cond) :
  MIDAS model fitting failed: Incomplete high frequency data
  Using 2 series with average 1.9 % missing data
  Auto-selected 1 factor(s) based on 2 available series
  Extracting 1 factors using Three-Pass Regression Filter...
  Converged after 1 iterations
  R-squared: 0.821 
Warning in value[[3L]](cond) :
  MIDAS model fitting failed: Incomplete high frequency data
  Using 2 series with average 1.9 % missing data
  Auto-selected 1 factor(s) based on 2 available series
  Extracting 1 factors using Three-Pass Regression Filter...
  Converged after 1 iterations
  R-squared: 0.82 
Warning in value[[3L]](cond) :
  MIDAS model fitting failed: Incomplete high frequency data
  No valid forecasts

Evaluating: TPRF_AR2_lag4_m2_roll40 
  TPRF Diagnostics (first forecast):
    Training panel dims: 122 x 7 
    Y training length: 40 quarters
    Expected X length: 120 months
  Using 2 series with average 0 % missing data
  Auto-selected 1 factor(s) based on 2 available series
  Extracting 1 factors using Three-Pass Regression Filter...
  Converged after 1 iterations
  R-squared: 0.591 
    Factor dimensions:  122 rows
    Training quarters: 40 
    Ragged edge months: 2 
    Factors extracted: R^2 = 0.591 
    Factor ts: length = 122 , start = 1993-4 
Warning in value[[3L]](cond) :
  MIDAS model fitting failed: Incomplete high frequency data
  Using 2 series with average 0 % missing data
  Auto-selected 1 factor(s) based on 2 available series
  Extracting 1 factors using Three-Pass Regression Filter...
  Converged after 1 iterations
  R-squared: 0.603 
Warning in value[[3L]](cond) :
  MIDAS model fitting failed: Incomplete high frequency data
  Using 2 series with average 0 % missing data
  Auto-selected 1 factor(s) based on 2 available series
  Extracting 1 factors using Three-Pass Regression Filter...
  Converged after 1 iterations
  R-squared: 0.608 
Warning in value[[3L]](cond) :
  MIDAS model fitting failed: Incomplete high frequency data
  Using 2 series with average 0 % missing data
  Auto-selected 1 factor(s) based on 2 available series
  Extracting 1 factors using Three-Pass Regression Filter...
  Converged after 1 iterations
  R-squared: 0.61 
Warning in value[[3L]](cond) :
  MIDAS model fitting failed: Incomplete high frequency data
  Using 2 series with average 0 % missing data
  Auto-selected 1 factor(s) based on 2 available series
  Extracting 1 factors using Three-Pass Regression Filter...
  Converged after 1 iterations
  R-squared: 0.591 
Warning in value[[3L]](cond) :
  MIDAS model fitting failed: Incomplete high frequency data
  Using 2 series with average 0 % missing data
  Auto-selected 1 factor(s) based on 2 available series
  Extracting 1 factors using Three-Pass Regression Filter...
  Converged after 1 iterations
  R-squared: 0.609 
Warning in value[[3L]](cond) :
  MIDAS model fitting failed: Incomplete high frequency data
  Using 2 series with average 0 % missing data
  Auto-selected 1 factor(s) based on 2 available series
  Extracting 1 factors using Three-Pass Regression Filter...
  Converged after 1 iterations
  R-squared: 0.646 
Warning in value[[3L]](cond) :
  MIDAS model fitting failed: Incomplete high frequency data
  Using 2 series with average 0 % missing data
  Auto-selected 1 factor(s) based on 2 available series
  Extracting 1 factors using Three-Pass Regression Filter...
  Converged after 1 iterations
  R-squared: 0.66 
Warning in value[[3L]](cond) :
  MIDAS model fitting failed: Incomplete high frequency data
  Using 2 series with average 0 % missing data
  Auto-selected 1 factor(s) based on 2 available series
  Extracting 1 factors using Three-Pass Regression Filter...
  Converged after 1 iterations
  R-squared: 0.677 
Warning in value[[3L]](cond) :
  MIDAS model fitting failed: Incomplete high frequency data
  Using 2 series with average 0 % missing data
  Auto-selected 1 factor(s) based on 2 available series
  Extracting 1 factors using Three-Pass Regression Filter...
  Converged after 1 iterations
  R-squared: 0.659 
Warning in value[[3L]](cond) :
  MIDAS model fitting failed: Incomplete high frequency data
  Completed 10 / 63 forecasts
  Using 2 series with average 0 % missing data
  Auto-selected 1 factor(s) based on 2 available series
  Extracting 1 factors using Three-Pass Regression Filter...
  Converged after 1 iterations
  R-squared: 0.666 
Warning in value[[3L]](cond) :
  MIDAS model fitting failed: Incomplete high frequency data
  Using 2 series with average 0 % missing data
  Auto-selected 1 factor(s) based on 2 available series
  Extracting 1 factors using Three-Pass Regression Filter...
  Converged after 1 iterations
  R-squared: 0.66 
Warning in value[[3L]](cond) :
  MIDAS model fitting failed: Incomplete high frequency data
  Using 2 series with average 0 % missing data
  Auto-selected 1 factor(s) based on 2 available series
  Extracting 1 factors using Three-Pass Regression Filter...
  Converged after 1 iterations
  R-squared: 0.658 
Warning in value[[3L]](cond) :
  MIDAS model fitting failed: Incomplete high frequency data
  Using 2 series with average 0 % missing data
  Auto-selected 1 factor(s) based on 2 available series
  Extracting 1 factors using Three-Pass Regression Filter...
  Converged after 1 iterations
  R-squared: 0.642 
Warning in value[[3L]](cond) :
  MIDAS model fitting failed: Incomplete high frequency data
  Using 2 series with average 0 % missing data
  Auto-selected 1 factor(s) based on 2 available series
  Extracting 1 factors using Three-Pass Regression Filter...
  Converged after 1 iterations
  R-squared: 0.642 
Warning in value[[3L]](cond) :
  MIDAS model fitting failed: Incomplete high frequency data
  Using 2 series with average 0 % missing data
  Auto-selected 1 factor(s) based on 2 available series
  Extracting 1 factors using Three-Pass Regression Filter...
  Converged after 1 iterations
  R-squared: 0.638 
Warning in value[[3L]](cond) :
  MIDAS model fitting failed: Incomplete high frequency data
  Using 2 series with average 0 % missing data
  Auto-selected 1 factor(s) based on 2 available series
  Extracting 1 factors using Three-Pass Regression Filter...
  Converged after 1 iterations
  R-squared: 0.626 
Warning in value[[3L]](cond) :
  MIDAS model fitting failed: Incomplete high frequency data
  Using 4 series with average 13.9 % missing data
  Auto-selected 1 factor(s) based on 4 available series
  Extracting 1 factors using Three-Pass Regression Filter...
  R-squared: 0.394 
Warning in value[[3L]](cond) :
  MIDAS model fitting failed: Incomplete high frequency data
  Using 4 series with average 12.7 % missing data
  Auto-selected 1 factor(s) based on 4 available series
  Extracting 1 factors using Three-Pass Regression Filter...
  R-squared: 0.389 
Warning in value[[3L]](cond) :
  MIDAS model fitting failed: Incomplete high frequency data
  Using 4 series with average 11.5 % missing data
  Auto-selected 1 factor(s) based on 4 available series
  Extracting 1 factors using Three-Pass Regression Filter...
  R-squared: 0.375 
Warning in value[[3L]](cond) :
  MIDAS model fitting failed: Incomplete high frequency data
  Completed 20 / 63 forecasts
  Using 4 series with average 10.2 % missing data
  Auto-selected 1 factor(s) based on 4 available series
  Extracting 1 factors using Three-Pass Regression Filter...
  R-squared: 0.37 
Warning in value[[3L]](cond) :
  MIDAS model fitting failed: Incomplete high frequency data
  Using 4 series with average 9 % missing data
  Auto-selected 1 factor(s) based on 4 available series
  Extracting 1 factors using Three-Pass Regression Filter...
  R-squared: 0.368 
Warning in value[[3L]](cond) :
  MIDAS model fitting failed: Incomplete high frequency data
  Using 4 series with average 7.8 % missing data
  Auto-selected 1 factor(s) based on 4 available series
  Extracting 1 factors using Three-Pass Regression Filter...
  R-squared: 0.362 
Warning in value[[3L]](cond) :
  MIDAS model fitting failed: Incomplete high frequency data
  Using 4 series with average 6.6 % missing data
  Auto-selected 1 factor(s) based on 4 available series
  Extracting 1 factors using Three-Pass Regression Filter...
  R-squared: 0.357 
Warning in value[[3L]](cond) :
  MIDAS model fitting failed: Incomplete high frequency data
  Using 4 series with average 5.3 % missing data
  Auto-selected 1 factor(s) based on 4 available series
  Extracting 1 factors using Three-Pass Regression Filter...
  R-squared: 0.352 
Warning in value[[3L]](cond) :
  MIDAS model fitting failed: Incomplete high frequency data
  Using 4 series with average 4.1 % missing data
  Auto-selected 1 factor(s) based on 4 available series
  Extracting 1 factors using Three-Pass Regression Filter...
  R-squared: 0.343 
Warning in value[[3L]](cond) :
  MIDAS model fitting failed: Incomplete high frequency data
  Using 4 series with average 2.9 % missing data
  Auto-selected 1 factor(s) based on 4 available series
  Extracting 1 factors using Three-Pass Regression Filter...
  R-squared: 0.341 
Warning in value[[3L]](cond) :
  MIDAS model fitting failed: Incomplete high frequency data
  Using 4 series with average 1.6 % missing data
  Auto-selected 1 factor(s) based on 4 available series
  Extracting 1 factors using Three-Pass Regression Filter...
  R-squared: 0.346 
Warning in value[[3L]](cond) :
  MIDAS model fitting failed: Incomplete high frequency data
  Using 4 series with average 0.4 % missing data
  Auto-selected 1 factor(s) based on 4 available series
  Extracting 1 factors using Three-Pass Regression Filter...
  Converged after 6 iterations
  R-squared: 0.341 
Warning in value[[3L]](cond) :
  MIDAS model fitting failed: Incomplete high frequency data
  Using 6 series with average 9.3 % missing data
  Auto-selected 2 factor(s) based on 6 available series
  Extracting 2 factors using Three-Pass Regression Filter...
  R-squared: 0.515 
Warning in value[[3L]](cond) :
  MIDAS model fitting failed: Incomplete high frequency data
  Completed 30 / 63 forecasts
  Using 6 series with average 8.5 % missing data
  Auto-selected 2 factor(s) based on 6 available series
  Extracting 2 factors using Three-Pass Regression Filter...
  R-squared: 0.508 
Warning in value[[3L]](cond) :
  MIDAS model fitting failed: Incomplete high frequency data
  Using 6 series with average 7.7 % missing data
  Auto-selected 2 factor(s) based on 6 available series
  Extracting 2 factors using Three-Pass Regression Filter...
  R-squared: 0.506 
Warning in value[[3L]](cond) :
  MIDAS model fitting failed: Incomplete high frequency data
  Using 6 series with average 6.8 % missing data
  Auto-selected 2 factor(s) based on 6 available series
  Extracting 2 factors using Three-Pass Regression Filter...
  R-squared: 0.506 
Warning in value[[3L]](cond) :
  MIDAS model fitting failed: Incomplete high frequency data
  Using 6 series with average 6 % missing data
  Auto-selected 2 factor(s) based on 6 available series
  Extracting 2 factors using Three-Pass Regression Filter...
  R-squared: 0.497 
Warning in value[[3L]](cond) :
  MIDAS model fitting failed: Incomplete high frequency data
  Using 6 series with average 5.2 % missing data
  Auto-selected 2 factor(s) based on 6 available series
  Extracting 2 factors using Three-Pass Regression Filter...
  R-squared: 0.491 
Warning in value[[3L]](cond) :
  MIDAS model fitting failed: Incomplete high frequency data
  Using 6 series with average 4.4 % missing data
  Auto-selected 2 factor(s) based on 6 available series
  Extracting 2 factors using Three-Pass Regression Filter...
  R-squared: 0.494 
Warning in value[[3L]](cond) :
  MIDAS model fitting failed: Incomplete high frequency data
  Using 6 series with average 3.6 % missing data
  Auto-selected 2 factor(s) based on 6 available series
  Extracting 2 factors using Three-Pass Regression Filter...
  R-squared: 0.499 
Warning in value[[3L]](cond) :
  MIDAS model fitting failed: Incomplete high frequency data
  Using 6 series with average 2.7 % missing data
  Auto-selected 2 factor(s) based on 6 available series
  Extracting 2 factors using Three-Pass Regression Filter...
  R-squared: 0.496 
Warning in value[[3L]](cond) :
  MIDAS model fitting failed: Incomplete high frequency data
  Using 6 series with average 1.9 % missing data
  Auto-selected 2 factor(s) based on 6 available series
  Extracting 2 factors using Three-Pass Regression Filter...
  R-squared: 0.5 
Warning in value[[3L]](cond) :
  MIDAS model fitting failed: Incomplete high frequency data
  Using 6 series with average 1.1 % missing data
  Auto-selected 2 factor(s) based on 6 available series
  Extracting 2 factors using Three-Pass Regression Filter...
  R-squared: 0.505 
Warning in value[[3L]](cond) :
  MIDAS model fitting failed: Incomplete high frequency data
  Completed 40 / 63 forecasts
  Using 6 series with average 0.3 % missing data
  Auto-selected 2 factor(s) based on 6 available series
  Extracting 2 factors using Three-Pass Regression Filter...
  R-squared: 0.5 
Warning in value[[3L]](cond) :
  MIDAS model fitting failed: Incomplete high frequency data
  Using 6 series with average 0 % missing data
  Auto-selected 2 factor(s) based on 6 available series
  Extracting 2 factors using Three-Pass Regression Filter...
  Converged after 1 iterations
  R-squared: 0.499 
Warning in value[[3L]](cond) :
  MIDAS model fitting failed: Incomplete high frequency data
  Using 6 series with average 0 % missing data
  Auto-selected 2 factor(s) based on 6 available series
  Extracting 2 factors using Three-Pass Regression Filter...
  Converged after 1 iterations
  R-squared: 0.492 
Warning in value[[3L]](cond) :
  MIDAS model fitting failed: Incomplete high frequency data
  Using 6 series with average 0 % missing data
  Auto-selected 2 factor(s) based on 6 available series
  Extracting 2 factors using Three-Pass Regression Filter...
  Converged after 1 iterations
  R-squared: 0.492 
Warning in value[[3L]](cond) :
  MIDAS model fitting failed: Incomplete high frequency data
  Using 6 series with average 0 % missing data
  Auto-selected 2 factor(s) based on 6 available series
  Extracting 2 factors using Three-Pass Regression Filter...
  Converged after 1 iterations
  R-squared: 0.497 
Warning in value[[3L]](cond) :
  MIDAS model fitting failed: Incomplete high frequency data
  Using 6 series with average 0 % missing data
  Auto-selected 2 factor(s) based on 6 available series
  Extracting 2 factors using Three-Pass Regression Filter...
  Converged after 1 iterations
  R-squared: 0.511 
Warning in value[[3L]](cond) :
  MIDAS model fitting failed: Incomplete high frequency data
  Using 6 series with average 0 % missing data
  Auto-selected 2 factor(s) based on 6 available series
  Extracting 2 factors using Three-Pass Regression Filter...
  Converged after 1 iterations
  R-squared: 0.507 
Warning in value[[3L]](cond) :
  MIDAS model fitting failed: Incomplete high frequency data
  Using 6 series with average 0 % missing data
  Auto-selected 2 factor(s) based on 6 available series
  Extracting 2 factors using Three-Pass Regression Filter...
  Converged after 1 iterations
  R-squared: 0.502 
Warning in value[[3L]](cond) :
  MIDAS model fitting failed: Incomplete high frequency data
  Using 6 series with average 0 % missing data
  Auto-selected 2 factor(s) based on 6 available series
  Extracting 2 factors using Three-Pass Regression Filter...
  Converged after 1 iterations
  R-squared: 0.508 
Warning in value[[3L]](cond) :
  MIDAS model fitting failed: Incomplete high frequency data
  Using 6 series with average 0 % missing data
  Auto-selected 2 factor(s) based on 6 available series
  Extracting 2 factors using Three-Pass Regression Filter...
  Converged after 1 iterations
  R-squared: 0.718 
Warning in value[[3L]](cond) :
  MIDAS model fitting failed: Incomplete high frequency data
  Completed 50 / 63 forecasts
  Using 6 series with average 0 % missing data
  Auto-selected 2 factor(s) based on 6 available series
  Extracting 2 factors using Three-Pass Regression Filter...
  Converged after 1 iterations
  R-squared: 0.77 
Warning in value[[3L]](cond) :
  MIDAS model fitting failed: Incomplete high frequency data
  Using 6 series with average 0 % missing data
  Auto-selected 2 factor(s) based on 6 available series
  Extracting 2 factors using Three-Pass Regression Filter...
  Converged after 1 iterations
  R-squared: 0.771 
Warning in value[[3L]](cond) :
  MIDAS model fitting failed: Incomplete high frequency data
  Using 6 series with average 0 % missing data
  Auto-selected 2 factor(s) based on 6 available series
  Extracting 2 factors using Three-Pass Regression Filter...
  Converged after 1 iterations
  R-squared: 0.766 
Warning in value[[3L]](cond) :
  MIDAS model fitting failed: Incomplete high frequency data
  Using 6 series with average 0 % missing data
  Auto-selected 2 factor(s) based on 6 available series
  Extracting 2 factors using Three-Pass Regression Filter...
  Converged after 1 iterations
  R-squared: 0.771 
Warning in value[[3L]](cond) :
  MIDAS model fitting failed: Incomplete high frequency data
  Using 6 series with average 0 % missing data
  Auto-selected 2 factor(s) based on 6 available series
  Extracting 2 factors using Three-Pass Regression Filter...
  Converged after 1 iterations
  R-squared: 0.77 
Warning in value[[3L]](cond) :
  MIDAS model fitting failed: Incomplete high frequency data
  Using 6 series with average 0 % missing data
  Auto-selected 2 factor(s) based on 6 available series
  Extracting 2 factors using Three-Pass Regression Filter...
  Converged after 1 iterations
  R-squared: 0.767 
Warning in value[[3L]](cond) :
  MIDAS model fitting failed: Incomplete high frequency data
  Using 6 series with average 0 % missing data
  Auto-selected 2 factor(s) based on 6 available series
  Extracting 2 factors using Three-Pass Regression Filter...
  Converged after 1 iterations
  R-squared: 0.765 
Warning in value[[3L]](cond) :
  MIDAS model fitting failed: Incomplete high frequency data
  Using 6 series with average 0 % missing data
  Auto-selected 2 factor(s) based on 6 available series
  Extracting 2 factors using Three-Pass Regression Filter...
  Converged after 1 iterations
  R-squared: 0.77 
Warning in value[[3L]](cond) :
  MIDAS model fitting failed: Incomplete high frequency data
  Using 6 series with average 0 % missing data
  Auto-selected 2 factor(s) based on 6 available series
  Extracting 2 factors using Three-Pass Regression Filter...
  Converged after 1 iterations
  R-squared: 0.771 
Warning in value[[3L]](cond) :
  MIDAS model fitting failed: Incomplete high frequency data
  Using 6 series with average 0 % missing data
  Auto-selected 2 factor(s) based on 6 available series
  Extracting 2 factors using Three-Pass Regression Filter...
  Converged after 1 iterations
  R-squared: 0.774 
Warning in value[[3L]](cond) :
  MIDAS model fitting failed: Incomplete high frequency data
  Completed 60 / 63 forecasts
  Using 6 series with average 0 % missing data
  Auto-selected 2 factor(s) based on 6 available series
  Extracting 2 factors using Three-Pass Regression Filter...
  Converged after 1 iterations
  R-squared: 0.773 
Warning in value[[3L]](cond) :
  MIDAS model fitting failed: Incomplete high frequency data
  Using 6 series with average 0 % missing data
  Auto-selected 2 factor(s) based on 6 available series
  Extracting 2 factors using Three-Pass Regression Filter...
  Converged after 1 iterations
  R-squared: 0.771 
Warning in value[[3L]](cond) :
  MIDAS model fitting failed: Incomplete high frequency data
  Using 6 series with average 0 % missing data
  Auto-selected 2 factor(s) based on 6 available series
  Extracting 2 factors using Three-Pass Regression Filter...
  Converged after 1 iterations
  R-squared: 0.769 
Warning in value[[3L]](cond) :
  MIDAS model fitting failed: Incomplete high frequency data
  No valid forecasts


=== EVALUATION RESULTS ===

                      spec n_forecasts     rmse      mae         me
1        MIDAS_AR1_lag3_m2          63 13.49226 5.490354 -0.5736561
2        MIDAS_AR2_lag4_m2          63 13.61532 5.725386 -0.8883541
3 MIDAS_AR2_lag4_m2_roll40          63 22.60871 9.899750 -1.1235386
                                                                                                                                                                                                                                                                                                                                                                                                                                                                                                                                                                                                                                                                                                                                                                                                         forecasts
1                   3.16222168, 2.41717315, 3.30531544, 1.66202556, -14.31973039, -2.38140067, 11.08320082, 6.34345670, -0.04395517, 5.02674376, 2.89054215, 2.34678918, 3.44295309, 0.99604299, 3.16139715, 1.51024108, 3.37841610, 2.71434609, 3.86191997, 2.92860501, 0.06277059, 0.18472085, 0.63123450, 1.54501825, 1.68042283, 2.96656103, 1.22816617, 4.31372800, 1.83228851, 4.04162347, 5.18804590, 0.84162153, 2.76808428, 0.61151189, 2.37396678, 3.39413751, 2.98698996, 2.28413017, -0.01695426, 2.87526755, 1.48840578, -0.73126887, 1.89653899, 0.97591298, 2.37594591, 1.19721722, 0.65983597, -1.75655974, 1.62199564, 0.89041653, 19.71442917, 3.78351875, 6.50698632, 3.36738255, -0.78710724, 2.79341210, 1.66170743, -2.62096462, 1.64450033, 3.48318691, 2.15853786, -1.12062039, 2.07105963
2                                                                                   2.7383384, 2.3139756, 4.2349328, 1.2829737, -14.3317931, -1.1247510, 13.6997217, 3.0493104, -1.2737132, 5.7143968, 2.0869121, 2.0870421, 3.2051568, 0.9028005, 4.1452243, 0.5215267, 3.6628439, 2.5357976, 3.2370486, 3.0223919, 0.1610580, 0.1741976, 2.1644445, 1.6646372, 1.6383999, 3.4626673, 0.5661266, 4.4416883, 1.5809882, 4.2665597, 4.5728784, 0.2856131, 2.7800751, 1.4184715, 2.9268020, 3.1094626, 2.5361289, 1.7063051, 0.1269696, 4.3106721, 1.7976085, -1.6082422, 3.1049067, 0.9826422, 2.4337450, 1.3174060, 1.3088691, -1.0583159, 2.1515235, 3.0173547, 37.5526938, 1.7487887, 6.2132275, 2.9827858, -0.8011752, 3.0016558, 1.4554121, -2.8170765, 1.6352067, 3.4015718, 2.0456611, -1.0615076, 1.9710581
3 2.18517497, 2.89924830, 0.09613556, 0.48387295, -32.79080972, -2.50044831, 19.11908043, -0.08914393, -3.55196805, 9.85992682, 0.08224279, 1.83820282, 2.07026902, -0.67380227, 8.42254472, -0.18567707, 6.35562868, 2.80507377, 1.13487742, 1.32582952, 1.17066362, -2.40012831, 5.02480769, 2.37694948, -1.05082760, 5.78314677, 1.39104542, 4.19869645, 1.10028632, 6.05539132, 2.93101403, -3.85634503, -1.27207542, 3.24358863, 3.14244745, 2.18712461, 2.14793111, -0.96028403, -2.90066899, 8.91323538, 2.96345219, -7.65034638, 4.62472413, 2.48487338, 2.31170176, 5.41538621, -0.14219021, -4.64552923, 6.42799499, 117.16659830, -105.32168728, 65.55119734, 18.66116034, -5.00624328, -5.18886684, 15.09477443, 0.08421806, -9.47327783, 8.03552468, 4.10435134, -1.16616152, -0.68920820, 1.44200395
                                                                                                                                                                                                                                                                                                                                                                                                                                                                                                                                                                                                                                                                                                                                                                                                 actuals
1 2.55858814, 0.51462071, -6.42940657, -24.76454224, -6.41003570, 14.38008903, 8.61937740, 1.57976829, 4.77892917, 3.52492665, 3.23301814, 2.65663218, 1.76159751, 7.11857357, 2.88179247, 3.87151979, 2.73992381, 0.70460454, 3.12393383, 0.47737229, -1.75078958, 2.50592520, 1.98100864, 2.55349005, 5.31039062, 0.56959756, 3.39236975, 1.85231243, 3.68656334, 4.67538329, -1.28495509, -0.03064311, 1.23083472, 3.77346198, 4.27940954, 2.62654424, 0.30922828, -2.34668666, 5.10291191, 5.58441277, -1.83831384, 2.14241659, -0.65663688, 0.54027009, -0.71591757, -0.54673743, -3.25844034, -4.76443605, -76.35457095, 61.93260679, 17.26453828, 1.75507010, 2.45023265, -1.15143946, 4.74902840, 6.29588142, 3.37466250, 4.24727862, 4.03407176, 2.14090171, 3.25527603, 4.24510420, 0.33087553
2 2.55858814, 0.51462071, -6.42940657, -24.76454224, -6.41003570, 14.38008903, 8.61937740, 1.57976829, 4.77892917, 3.52492665, 3.23301814, 2.65663218, 1.76159751, 7.11857357, 2.88179247, 3.87151979, 2.73992381, 0.70460454, 3.12393383, 0.47737229, -1.75078958, 2.50592520, 1.98100864, 2.55349005, 5.31039062, 0.56959756, 3.39236975, 1.85231243, 3.68656334, 4.67538329, -1.28495509, -0.03064311, 1.23083472, 3.77346198, 4.27940954, 2.62654424, 0.30922828, -2.34668666, 5.10291191, 5.58441277, -1.83831384, 2.14241659, -0.65663688, 0.54027009, -0.71591757, -0.54673743, -3.25844034, -4.76443605, -76.35457095, 61.93260679, 17.26453828, 1.75507010, 2.45023265, -1.15143946, 4.74902840, 6.29588142, 3.37466250, 4.24727862, 4.03407176, 2.14090171, 3.25527603, 4.24510420, 0.33087553
3 2.55858814, 0.51462071, -6.42940657, -24.76454224, -6.41003570, 14.38008903, 8.61937740, 1.57976829, 4.77892917, 3.52492665, 3.23301814, 2.65663218, 1.76159751, 7.11857357, 2.88179247, 3.87151979, 2.73992381, 0.70460454, 3.12393383, 0.47737229, -1.75078958, 2.50592520, 1.98100864, 2.55349005, 5.31039062, 0.56959756, 3.39236975, 1.85231243, 3.68656334, 4.67538329, -1.28495509, -0.03064311, 1.23083472, 3.77346198, 4.27940954, 2.62654424, 0.30922828, -2.34668666, 5.10291191, 5.58441277, -1.83831384, 2.14241659, -0.65663688, 0.54027009, -0.71591757, -0.54673743, -3.25844034, -4.76443605, -76.35457095, 61.93260679, 17.26453828, 1.75507010, 2.45023265, -1.15143946, 4.74902840, 6.29588142, 3.37466250, 4.24727862, 4.03407176, 2.14090171, 3.25527603, 4.24510420, 0.33087553
                                                                                                                                                                                                                                                                                                                                                                                                                                                                                                                                                                                  dates
1 2008-04, 2008-07, 2008-10, 2009-01, 2009-04, 2009-07, 2009-10, 2010-01, 2010-04, 2010-07, 2010-10, 2011-01, 2011-04, 2011-07, 2011-10, 2012-01, 2012-04, 2012-07, 2012-10, 2013-01, 2013-04, 2013-07, 2013-10, 2014-01, 2014-04, 2014-07, 2014-10, 2015-01, 2015-04, 2015-07, 2015-10, 2016-01, 2016-04, 2016-07, 2016-10, 2017-01, 2017-04, 2017-07, 2017-10, 2018-01, 2018-04, 2018-07, 2018-10, 2019-01, 2019-04, 2019-07, 2019-10, 2020-01, 2020-04, 2020-07, 2020-10, 2021-01, 2021-04, 2021-07, 2021-10, 2022-01, 2022-04, 2022-07, 2022-10, 2023-01, 2023-04, 2023-07, 2023-10
2 2008-04, 2008-07, 2008-10, 2009-01, 2009-04, 2009-07, 2009-10, 2010-01, 2010-04, 2010-07, 2010-10, 2011-01, 2011-04, 2011-07, 2011-10, 2012-01, 2012-04, 2012-07, 2012-10, 2013-01, 2013-04, 2013-07, 2013-10, 2014-01, 2014-04, 2014-07, 2014-10, 2015-01, 2015-04, 2015-07, 2015-10, 2016-01, 2016-04, 2016-07, 2016-10, 2017-01, 2017-04, 2017-07, 2017-10, 2018-01, 2018-04, 2018-07, 2018-10, 2019-01, 2019-04, 2019-07, 2019-10, 2020-01, 2020-04, 2020-07, 2020-10, 2021-01, 2021-04, 2021-07, 2021-10, 2022-01, 2022-04, 2022-07, 2022-10, 2023-01, 2023-04, 2023-07, 2023-10
3 2008-04, 2008-07, 2008-10, 2009-01, 2009-04, 2009-07, 2009-10, 2010-01, 2010-04, 2010-07, 2010-10, 2011-01, 2011-04, 2011-07, 2011-10, 2012-01, 2012-04, 2012-07, 2012-10, 2013-01, 2013-04, 2013-07, 2013-10, 2014-01, 2014-04, 2014-07, 2014-10, 2015-01, 2015-04, 2015-07, 2015-10, 2016-01, 2016-04, 2016-07, 2016-10, 2017-01, 2017-04, 2017-07, 2017-10, 2018-01, 2018-04, 2018-07, 2018-10, 2019-01, 2019-04, 2019-07, 2019-10, 2020-01, 2020-04, 2020-07, 2020-10, 2021-01, 2021-04, 2021-07, 2021-10, 2022-01, 2022-04, 2022-07, 2022-10, 2023-01, 2023-04, 2023-07, 2023-10
                                                                                                                                                                                                                                                                                                                                                                                                                                                                                                                                                                         forecast_dates
1 2008.25, 2008.50, 2008.75, 2009.00, 2009.25, 2009.50, 2009.75, 2010.00, 2010.25, 2010.50, 2010.75, 2011.00, 2011.25, 2011.50, 2011.75, 2012.00, 2012.25, 2012.50, 2012.75, 2013.00, 2013.25, 2013.50, 2013.75, 2014.00, 2014.25, 2014.50, 2014.75, 2015.00, 2015.25, 2015.50, 2015.75, 2016.00, 2016.25, 2016.50, 2016.75, 2017.00, 2017.25, 2017.50, 2017.75, 2018.00, 2018.25, 2018.50, 2018.75, 2019.00, 2019.25, 2019.50, 2019.75, 2020.00, 2020.25, 2020.50, 2020.75, 2021.00, 2021.25, 2021.50, 2021.75, 2022.00, 2022.25, 2022.50, 2022.75, 2023.00, 2023.25, 2023.50, 2023.75
2 2008.25, 2008.50, 2008.75, 2009.00, 2009.25, 2009.50, 2009.75, 2010.00, 2010.25, 2010.50, 2010.75, 2011.00, 2011.25, 2011.50, 2011.75, 2012.00, 2012.25, 2012.50, 2012.75, 2013.00, 2013.25, 2013.50, 2013.75, 2014.00, 2014.25, 2014.50, 2014.75, 2015.00, 2015.25, 2015.50, 2015.75, 2016.00, 2016.25, 2016.50, 2016.75, 2017.00, 2017.25, 2017.50, 2017.75, 2018.00, 2018.25, 2018.50, 2018.75, 2019.00, 2019.25, 2019.50, 2019.75, 2020.00, 2020.25, 2020.50, 2020.75, 2021.00, 2021.25, 2021.50, 2021.75, 2022.00, 2022.25, 2022.50, 2022.75, 2023.00, 2023.25, 2023.50, 2023.75
3 2008.25, 2008.50, 2008.75, 2009.00, 2009.25, 2009.50, 2009.75, 2010.00, 2010.25, 2010.50, 2010.75, 2011.00, 2011.25, 2011.50, 2011.75, 2012.00, 2012.25, 2012.50, 2012.75, 2013.00, 2013.25, 2013.50, 2013.75, 2014.00, 2014.25, 2014.50, 2014.75, 2015.00, 2015.25, 2015.50, 2015.75, 2016.00, 2016.25, 2016.50, 2016.75, 2017.00, 2017.25, 2017.50, 2017.75, 2018.00, 2018.25, 2018.50, 2018.75, 2019.00, 2019.25, 2019.50, 2019.75, 2020.00, 2020.25, 2020.50, 2020.75, 2021.00, 2021.25, 2021.50, 2021.75, 2022.00, 2022.25, 2022.50, 2022.75, 2023.00, 2023.25, 2023.50, 2023.75
                                                                                                                                                                                                                                                                                                                                                                                                                                                                                                                                                                                                                                                                                                                                                                                                                                                                                       errors
1                                                                                                                                 -0.6036335, -1.9025524, -9.7347220, -26.4265678, 7.9096947, 16.7614897, -2.4638234, -4.7636884, 4.8228843, -1.5018171, 0.3424760, 0.3098430, -1.6813556, 6.1225306, -0.2796047, 2.3612787, -0.6384923, -2.0097415, -0.7379861, -2.4512327, -1.8135602, 2.3212043, 1.3497741, 1.0084718, 3.6299678, -2.3969635, 2.1642036, -2.4614156, 1.8542748, 0.6337598, -6.4730010, -0.8722646, -1.5372496, 3.1619501, 1.9054428, -0.7675933, -2.6777617, -4.6308168, 5.1198662, 2.7091452, -3.3267196, 2.8736855, -2.5531759, -0.4356429, -3.0918635, -1.7439547, -3.9182763, -3.0078763, -77.9765666, 61.0421903, -2.4498909, -2.0284487, -4.0567537, -4.5188220, 5.5361356, 3.5024693, 1.7129551, 6.8682432, 2.3895714, -1.3422852, 1.0967382, 5.3657246, -1.7401841
2 -0.179750304, -1.799354854, -10.664339375, -26.047515955, 7.921757382, 15.504839992, -5.080344269, -1.469542130, 6.052642383, -2.189470197, 1.146106049, 0.569590119, -1.443559256, 6.215773024, -1.263431874, 3.349993100, -0.922920042, -1.831193065, -0.113114820, -2.545019572, -1.911847607, 2.331727633, -0.183435873, 0.888852899, 3.671990745, -2.893069715, 2.826243169, -2.589375880, 2.105575182, 0.408823599, -5.857833525, -0.316256164, -1.549240425, 2.354990497, 1.352607567, -0.482918401, -2.226900601, -4.052991778, 4.975942311, 1.273740705, -3.635922365, 3.750658788, -3.761543541, -0.442372097, -3.149662558, -1.864143391, -4.567309412, -3.706120138, -78.506094419, 58.915252135, -20.288155495, 0.006281428, -3.762994893, -4.134225259, 5.550203578, 3.294225667, 1.919250363, 7.064355077, 2.398865077, -1.260670112, 1.209614940, 5.306611767, -1.640182605
3                                                                                                                            0.3734132, -2.3846276, -6.5255421, -25.2484152, 26.3807740, 16.8805373, -10.4997030, 1.6689122, 8.3308972, -6.3350002, 3.1507753, 0.8184294, -0.3086715, 7.7923758, -5.5407522, 4.0571969, -3.6157049, -2.1004692, 1.9890564, -0.8484572, -2.9214532, 4.9060535, -3.0437990, 0.1765406, 6.3612182, -5.2135492, 2.0013243, -2.3463840, 2.5862770, -1.3800080, -4.2159691, 3.8257019, 2.5029101, 0.5298733, 1.1369621, 0.4394196, -1.8387028, -1.3864026, 8.0035809, -3.3288226, -4.8017660, 9.7927630, -5.2813610, -1.9446033, -3.0276193, -5.9621236, -3.1162501, -0.1189068, -82.7825659, -55.2339915, 122.5862256, -63.7961272, -16.2109277, 3.8548038, 9.9378952, -8.7988930, 3.2904444, 13.7205565, -4.0014529, -1.9634496, 4.4214375, 4.9343124, -1.1111284

Best specification (by RMSE): MIDAS_AR1_lag3_m2 
  RMSE: 13.492 
  MAE: 5.49 

✓ Rolling window evaluation completed!

=== CREATING VISUALIZATIONS ===

✓ Plots saved to: rolling_evaluation_plots.pdf

✓ Results saved to: rolling_evaluation_results.csv
