[2025-11-10 09:26:26] INFO: Starting weekly nowcast
[2025-11-10 09:26:26] INFO: As-of date: 2025-11-10
[2025-11-10 09:26:26] INFO: Loading configurations...
[2025-11-10 09:26:26] INFO: Configurations loaded successfully
[2025-11-10 09:26:26] INFO: Loading data...
[2025-11-10 09:26:26] INFO: Loaded quarterly data: 0 observations
[2025-11-10 09:26:26] INFO: Loaded monthly panel: 0 observations
[2025-11-10 09:26:26] INFO: Building vintage snapshot...
[2025-11-10 09:26:26] INFO: Vintage saved to: data/vintages/2025-11-10.rds
[2025-11-10 09:26:26] INFO: Building lag map...
[2025-11-10 09:26:26] WARN: Failed to build lag map: cannot open the connection
[2025-11-10 09:26:26] INFO: Fitting/updating U-MIDAS models...
[2025-11-10 09:26:26] INFO: Updating TPRF model...
[2025-11-10 09:26:26] INFO: Updating DFM model...
[2025-11-10 09:26:26] INFO: Combining forecasts...
[2025-11-10 09:26:26] ERROR: No forecasts available to combine
[2025-11-10 09:26:26] INFO: Computing news decomposition...
[2025-11-10 09:26:26] INFO: No previous forecasts found for news decomposition
[2025-11-10 09:26:26] INFO: Writing weekly summary...
[2025-11-10 09:26:26] INFO: Weekly summary written successfully
[2025-11-10 09:26:26] INFO: Weekly nowcast completed
